<?xml version="1.0" encoding="UTF-8"?>
<testng-results skipped="0" failed="0" total="1" passed="1">
  <reporter-output>
  </reporter-output>
  <suite name="Suite" duration-ms="7406" started-at="2019-09-12T20:14:57Z" finished-at="2019-09-12T20:15:05Z">
    <groups>
    </groups>
    <test name="Tools" duration-ms="7406" started-at="2019-09-12T20:14:57Z" finished-at="2019-09-12T20:15:05Z">
      <class name="ExcelSheetReader.DataReaderXl">
        <test-method status="PASS" signature="func()[pri:0, instance:ExcelSheetReader.DataReaderXl@7ca48474]" name="func" duration-ms="6927" started-at="2019-09-12T13:14:58Z" finished-at="2019-09-12T13:15:05Z">
          <reporter-output>
          </reporter-output>
        </test-method> <!-- func -->
      </class> <!-- ExcelSheetReader.DataReaderXl -->
    </test> <!-- Tools -->
  </suite> <!-- Suite -->
</testng-results>
