<?xml version="1.0" encoding="UTF-8"?>
<testng-results skipped="0" failed="0" total="1" passed="1">
  <reporter-output>
  </reporter-output>
  <suite name="Suite" duration-ms="1454" started-at="2019-09-12T20:02:05Z" finished-at="2019-09-12T20:02:07Z">
    <groups>
    </groups>
    <test name="Tools" duration-ms="1454" started-at="2019-09-12T20:02:05Z" finished-at="2019-09-12T20:02:07Z">
      <class name="ExcelSheetReader.DataReaderXl">
        <test-method status="PASS" signature="func()[pri:0, instance:ExcelSheetReader.DataReaderXl@204f30ec]" name="func" duration-ms="1407" started-at="2019-09-12T13:02:05Z" finished-at="2019-09-12T13:02:07Z">
          <reporter-output>
          </reporter-output>
        </test-method> <!-- func -->
      </class> <!-- ExcelSheetReader.DataReaderXl -->
    </test> <!-- Tools -->
  </suite> <!-- Suite -->
</testng-results>
